<?xml version="1.0" encoding="UTF-8"?>
<testng-results ignored="0" total="13" passed="11" failed="2" skipped="0">
  <reporter-output>
  </reporter-output>
  <suite started-at="2024-04-15T18:32:00 IST" name="All Test Suite" finished-at="2024-04-15T18:38:07 IST" duration-ms="367093">
    <groups>
    </groups>
    <test started-at="2024-04-15T18:32:00 IST" name="C:/Users/divya/IdeaProjects/SpicejetAutomationProject" finished-at="2024-04-15T18:38:07 IST" duration-ms="367093">
      <class name="TestCases.TC_08_ValidationFields">
        <test-method is-config="true" signature="launchBrowser(java.lang.String)[pri:0, instance:TestCases.TC_08_ValidationFields@56a6d5a6]" started-at="2024-04-15T18:37:49 IST" name="launchBrowser" finished-at="2024-04-15T18:38:02 IST" duration-ms="13118" status="PASS">
          <params>
            <param index="0">
              <value>
                <![CDATA[chrome]]>
              </value>
            </param>
          </params>
          <reporter-output>
          </reporter-output>
        </test-method> <!-- launchBrowser -->
        <test-method signature="testValidation()[pri:0, instance:TestCases.TC_08_ValidationFields@56a6d5a6]" started-at="2024-04-15T18:38:02 IST" name="testValidation" finished-at="2024-04-15T18:38:06 IST" duration-ms="4401" status="PASS">
          <reporter-output>
          </reporter-output>
        </test-method> <!-- testValidation -->
        <test-method is-config="true" signature="closeBrowser()[pri:0, instance:TestCases.TC_08_ValidationFields@56a6d5a6]" started-at="2024-04-15T18:38:06 IST" name="closeBrowser" finished-at="2024-04-15T18:38:07 IST" duration-ms="724" status="PASS">
          <reporter-output>
          </reporter-output>
        </test-method> <!-- closeBrowser -->
      </class> <!-- TestCases.TC_08_ValidationFields -->
      <class name="TestCases.TC_01_SignUp">
        <test-method is-config="true" signature="launchBrowser(java.lang.String)[pri:0, instance:TestCases.TC_01_SignUp@501edcf1]" started-at="2024-04-15T18:32:00 IST" name="launchBrowser" finished-at="2024-04-15T18:32:13 IST" duration-ms="12799" status="PASS">
          <params>
            <param index="0">
              <value>
                <![CDATA[chrome]]>
              </value>
            </param>
          </params>
          <reporter-output>
          </reporter-output>
        </test-method> <!-- launchBrowser -->
        <test-method signature="testSignup()[pri:1, instance:TestCases.TC_01_SignUp@501edcf1]" started-at="2024-04-15T18:32:13 IST" name="testSignup" finished-at="2024-04-15T18:32:30 IST" duration-ms="16957" status="FAIL">
          <exception class="java.lang.AssertionError">
            <message>
              <![CDATA[null]]>
            </message>
            <full-stacktrace>
              <![CDATA[java.lang.AssertionError: null
at org.testng.Assert.fail(Assert.java:111)
at org.testng.Assert.fail(Assert.java:116)
at TestCases.TC_01_SignUp.testSignup(TC_01_SignUp.java:81)
at java.base/jdk.internal.reflect.DirectMethodHandleAccessor.invoke(DirectMethodHandleAccessor.java:103)
at java.base/java.lang.reflect.Method.invoke(Method.java:580)
at org.testng.internal.invokers.MethodInvocationHelper.invokeMethod(MethodInvocationHelper.java:139)
at org.testng.internal.invokers.TestInvoker.invokeMethod(TestInvoker.java:664)
at org.testng.internal.invokers.TestInvoker.invokeTestMethod(TestInvoker.java:228)
at org.testng.internal.invokers.MethodRunner.runInSequence(MethodRunner.java:63)
at org.testng.internal.invokers.TestInvoker$MethodInvocationAgent.invoke(TestInvoker.java:961)
at org.testng.internal.invokers.TestInvoker.invokeTestMethods(TestInvoker.java:201)
at org.testng.internal.invokers.TestMethodWorker.invokeTestMethods(TestMethodWorker.java:148)
at org.testng.internal.invokers.TestMethodWorker.run(TestMethodWorker.java:128)
at java.base/java.util.ArrayList.forEach(ArrayList.java:1596)
at org.testng.TestRunner.privateRun(TestRunner.java:819)
at org.testng.TestRunner.run(TestRunner.java:619)
at org.testng.SuiteRunner.runTest(SuiteRunner.java:443)
at org.testng.SuiteRunner.runSequentially(SuiteRunner.java:437)
at org.testng.SuiteRunner.privateRun(SuiteRunner.java:397)
at org.testng.SuiteRunner.run(SuiteRunner.java:336)
at org.testng.SuiteRunnerWorker.runSuite(SuiteRunnerWorker.java:52)
at org.testng.SuiteRunnerWorker.run(SuiteRunnerWorker.java:95)
at org.testng.TestNG.runSuitesSequentially(TestNG.java:1301)
at org.testng.TestNG.runSuitesLocally(TestNG.java:1228)
at org.testng.TestNG.runSuites(TestNG.java:1134)
at org.testng.TestNG.run(TestNG.java:1101)
at com.intellij.rt.testng.IDEARemoteTestNG.run(IDEARemoteTestNG.java:65)
at com.intellij.rt.testng.RemoteTestNGStarter.main(RemoteTestNGStarter.java:105)
]]>
            </full-stacktrace>
          </exception> <!-- java.lang.AssertionError -->
          <reporter-output>
          </reporter-output>
        </test-method> <!-- testSignup -->
        <test-method is-config="true" signature="closeBrowser()[pri:0, instance:TestCases.TC_01_SignUp@501edcf1]" started-at="2024-04-15T18:32:30 IST" name="closeBrowser" finished-at="2024-04-15T18:32:31 IST" duration-ms="818" status="PASS">
          <reporter-output>
          </reporter-output>
        </test-method> <!-- closeBrowser -->
        <test-method is-config="true" signature="launchBrowser(java.lang.String)[pri:0, instance:TestCases.TC_01_SignUp@501edcf1]" started-at="2024-04-15T18:32:31 IST" name="launchBrowser" finished-at="2024-04-15T18:32:43 IST" duration-ms="12862" status="PASS">
          <params>
            <param index="0">
              <value>
                <![CDATA[chrome]]>
              </value>
            </param>
          </params>
          <reporter-output>
          </reporter-output>
        </test-method> <!-- launchBrowser -->
        <test-method signature="testInvalidSignup()[pri:2, instance:TestCases.TC_01_SignUp@501edcf1]" started-at="2024-04-15T18:32:43 IST" name="testInvalidSignup" finished-at="2024-04-15T18:32:57 IST" duration-ms="13658" status="FAIL">
          <exception class="java.lang.AssertionError">
            <message>
              <![CDATA[null]]>
            </message>
            <full-stacktrace>
              <![CDATA[java.lang.AssertionError: null
at org.testng.Assert.fail(Assert.java:111)
at org.testng.Assert.fail(Assert.java:116)
at TestCases.TC_01_SignUp.testInvalidSignup(TC_01_SignUp.java:148)
at java.base/jdk.internal.reflect.DirectMethodHandleAccessor.invoke(DirectMethodHandleAccessor.java:103)
at java.base/java.lang.reflect.Method.invoke(Method.java:580)
at org.testng.internal.invokers.MethodInvocationHelper.invokeMethod(MethodInvocationHelper.java:139)
at org.testng.internal.invokers.TestInvoker.invokeMethod(TestInvoker.java:664)
at org.testng.internal.invokers.TestInvoker.invokeTestMethod(TestInvoker.java:228)
at org.testng.internal.invokers.MethodRunner.runInSequence(MethodRunner.java:63)
at org.testng.internal.invokers.TestInvoker$MethodInvocationAgent.invoke(TestInvoker.java:961)
at org.testng.internal.invokers.TestInvoker.invokeTestMethods(TestInvoker.java:201)
at org.testng.internal.invokers.TestMethodWorker.invokeTestMethods(TestMethodWorker.java:148)
at org.testng.internal.invokers.TestMethodWorker.run(TestMethodWorker.java:128)
at java.base/java.util.ArrayList.forEach(ArrayList.java:1596)
at org.testng.TestRunner.privateRun(TestRunner.java:819)
at org.testng.TestRunner.run(TestRunner.java:619)
at org.testng.SuiteRunner.runTest(SuiteRunner.java:443)
at org.testng.SuiteRunner.runSequentially(SuiteRunner.java:437)
at org.testng.SuiteRunner.privateRun(SuiteRunner.java:397)
at org.testng.SuiteRunner.run(SuiteRunner.java:336)
at org.testng.SuiteRunnerWorker.runSuite(SuiteRunnerWorker.java:52)
at org.testng.SuiteRunnerWorker.run(SuiteRunnerWorker.java:95)
at org.testng.TestNG.runSuitesSequentially(TestNG.java:1301)
at org.testng.TestNG.runSuitesLocally(TestNG.java:1228)
at org.testng.TestNG.runSuites(TestNG.java:1134)
at org.testng.TestNG.run(TestNG.java:1101)
at com.intellij.rt.testng.IDEARemoteTestNG.run(IDEARemoteTestNG.java:65)
at com.intellij.rt.testng.RemoteTestNGStarter.main(RemoteTestNGStarter.java:105)
]]>
            </full-stacktrace>
          </exception> <!-- java.lang.AssertionError -->
          <reporter-output>
          </reporter-output>
        </test-method> <!-- testInvalidSignup -->
        <test-method is-config="true" signature="closeBrowser()[pri:0, instance:TestCases.TC_01_SignUp@501edcf1]" started-at="2024-04-15T18:32:57 IST" name="closeBrowser" finished-at="2024-04-15T18:32:58 IST" duration-ms="648" status="PASS">
          <reporter-output>
          </reporter-output>
        </test-method> <!-- closeBrowser -->
      </class> <!-- TestCases.TC_01_SignUp -->
      <class name="TestCases.TC_06_FlightSelection">
        <test-method is-config="true" signature="launchBrowser(java.lang.String)[pri:0, instance:TestCases.TC_06_FlightSelection@7a4ccb53]" started-at="2024-04-15T18:36:22 IST" name="launchBrowser" finished-at="2024-04-15T18:36:35 IST" duration-ms="12684" status="PASS">
          <params>
            <param index="0">
              <value>
                <![CDATA[chrome]]>
              </value>
            </param>
          </params>
          <reporter-output>
          </reporter-output>
        </test-method> <!-- launchBrowser -->
        <test-method signature="testFlightSelection()[pri:0, instance:TestCases.TC_06_FlightSelection@7a4ccb53]" started-at="2024-04-15T18:36:35 IST" name="testFlightSelection" finished-at="2024-04-15T18:36:45 IST" duration-ms="10041" status="PASS">
          <reporter-output>
          </reporter-output>
        </test-method> <!-- testFlightSelection -->
        <test-method is-config="true" signature="closeBrowser()[pri:0, instance:TestCases.TC_06_FlightSelection@7a4ccb53]" started-at="2024-04-15T18:36:45 IST" name="closeBrowser" finished-at="2024-04-15T18:36:48 IST" duration-ms="2424" status="PASS">
          <reporter-output>
          </reporter-output>
        </test-method> <!-- closeBrowser -->
      </class> <!-- TestCases.TC_06_FlightSelection -->
      <class name="TestCases.TC_03_InvalidLoginAttempts">
        <test-method is-config="true" signature="launchBrowser(java.lang.String)[pri:0, instance:TestCases.TC_03_InvalidLoginAttempts@229d10bd]" started-at="2024-04-15T18:33:58 IST" name="launchBrowser" finished-at="2024-04-15T18:34:11 IST" duration-ms="13200" status="PASS">
          <params>
            <param index="0">
              <value>
                <![CDATA[chrome]]>
              </value>
            </param>
          </params>
          <reporter-output>
          </reporter-output>
        </test-method> <!-- launchBrowser -->
        <test-method signature="testWithInvalidUsername()[pri:1, instance:TestCases.TC_03_InvalidLoginAttempts@229d10bd]" started-at="2024-04-15T18:34:11 IST" name="testWithInvalidUsername" finished-at="2024-04-15T18:34:18 IST" duration-ms="7408" status="PASS">
          <reporter-output>
          </reporter-output>
        </test-method> <!-- testWithInvalidUsername -->
        <test-method is-config="true" signature="closeBrowser()[pri:0, instance:TestCases.TC_03_InvalidLoginAttempts@229d10bd]" started-at="2024-04-15T18:34:18 IST" name="closeBrowser" finished-at="2024-04-15T18:34:19 IST" duration-ms="724" status="PASS">
          <reporter-output>
          </reporter-output>
        </test-method> <!-- closeBrowser -->
        <test-method is-config="true" signature="launchBrowser(java.lang.String)[pri:0, instance:TestCases.TC_03_InvalidLoginAttempts@229d10bd]" started-at="2024-04-15T18:34:19 IST" name="launchBrowser" finished-at="2024-04-15T18:34:33 IST" duration-ms="14142" status="PASS">
          <params>
            <param index="0">
              <value>
                <![CDATA[chrome]]>
              </value>
            </param>
          </params>
          <reporter-output>
          </reporter-output>
        </test-method> <!-- launchBrowser -->
        <test-method signature="testWithInvalidPassword()[pri:2, instance:TestCases.TC_03_InvalidLoginAttempts@229d10bd]" started-at="2024-04-15T18:34:33 IST" name="testWithInvalidPassword" finished-at="2024-04-15T18:34:41 IST" duration-ms="8320" status="PASS">
          <reporter-output>
          </reporter-output>
        </test-method> <!-- testWithInvalidPassword -->
        <test-method is-config="true" signature="closeBrowser()[pri:0, instance:TestCases.TC_03_InvalidLoginAttempts@229d10bd]" started-at="2024-04-15T18:34:41 IST" name="closeBrowser" finished-at="2024-04-15T18:34:42 IST" duration-ms="714" status="PASS">
          <reporter-output>
          </reporter-output>
        </test-method> <!-- closeBrowser -->
        <test-method is-config="true" signature="launchBrowser(java.lang.String)[pri:0, instance:TestCases.TC_03_InvalidLoginAttempts@229d10bd]" started-at="2024-04-15T18:34:42 IST" name="launchBrowser" finished-at="2024-04-15T18:34:54 IST" duration-ms="12145" status="PASS">
          <params>
            <param index="0">
              <value>
                <![CDATA[chrome]]>
              </value>
            </param>
          </params>
          <reporter-output>
          </reporter-output>
        </test-method> <!-- launchBrowser -->
        <test-method signature="testWithEmptyCredentials()[pri:3, instance:TestCases.TC_03_InvalidLoginAttempts@229d10bd]" started-at="2024-04-15T18:34:54 IST" name="testWithEmptyCredentials" finished-at="2024-04-15T18:35:00 IST" duration-ms="5887" status="PASS">
          <reporter-output>
          </reporter-output>
        </test-method> <!-- testWithEmptyCredentials -->
        <test-method is-config="true" signature="closeBrowser()[pri:0, instance:TestCases.TC_03_InvalidLoginAttempts@229d10bd]" started-at="2024-04-15T18:35:00 IST" name="closeBrowser" finished-at="2024-04-15T18:35:01 IST" duration-ms="779" status="PASS">
          <reporter-output>
          </reporter-output>
        </test-method> <!-- closeBrowser -->
        <test-method is-config="true" signature="launchBrowser(java.lang.String)[pri:0, instance:TestCases.TC_03_InvalidLoginAttempts@229d10bd]" started-at="2024-04-15T18:35:01 IST" name="launchBrowser" finished-at="2024-04-15T18:35:19 IST" duration-ms="17851" status="PASS">
          <params>
            <param index="0">
              <value>
                <![CDATA[chrome]]>
              </value>
            </param>
          </params>
          <reporter-output>
          </reporter-output>
        </test-method> <!-- launchBrowser -->
        <test-method signature="testInvalidMobileNumber()[pri:4, instance:TestCases.TC_03_InvalidLoginAttempts@229d10bd]" started-at="2024-04-15T18:35:19 IST" name="testInvalidMobileNumber" finished-at="2024-04-15T18:35:25 IST" duration-ms="6524" status="PASS">
          <reporter-output>
          </reporter-output>
        </test-method> <!-- testInvalidMobileNumber -->
        <test-method is-config="true" signature="closeBrowser()[pri:0, instance:TestCases.TC_03_InvalidLoginAttempts@229d10bd]" started-at="2024-04-15T18:35:25 IST" name="closeBrowser" finished-at="2024-04-15T18:35:26 IST" duration-ms="689" status="PASS">
          <reporter-output>
          </reporter-output>
        </test-method> <!-- closeBrowser -->
      </class> <!-- TestCases.TC_03_InvalidLoginAttempts -->
      <class name="TestCases.TC_05_RoundTripFlightSearch">
        <test-method is-config="true" signature="launchBrowser(java.lang.String)[pri:0, instance:TestCases.TC_05_RoundTripFlightSearch@33afa13b]" started-at="2024-04-15T18:35:54 IST" name="launchBrowser" finished-at="2024-04-15T18:36:09 IST" duration-ms="15643" status="PASS">
          <params>
            <param index="0">
              <value>
                <![CDATA[chrome]]>
              </value>
            </param>
          </params>
          <reporter-output>
          </reporter-output>
        </test-method> <!-- launchBrowser -->
        <test-method signature="testRoundTrip()[pri:0, instance:TestCases.TC_05_RoundTripFlightSearch@33afa13b]" started-at="2024-04-15T18:36:09 IST" name="testRoundTrip" finished-at="2024-04-15T18:36:20 IST" duration-ms="10983" status="PASS">
          <reporter-output>
          </reporter-output>
        </test-method> <!-- testRoundTrip -->
        <test-method is-config="true" signature="closeBrowser()[pri:0, instance:TestCases.TC_05_RoundTripFlightSearch@33afa13b]" started-at="2024-04-15T18:36:20 IST" name="closeBrowser" finished-at="2024-04-15T18:36:22 IST" duration-ms="2242" status="PASS">
          <reporter-output>
          </reporter-output>
        </test-method> <!-- closeBrowser -->
      </class> <!-- TestCases.TC_05_RoundTripFlightSearch -->
      <class name="TestCases.TC_02_ValidLogin">
        <test-method is-config="true" signature="launchBrowser(java.lang.String)[pri:0, instance:TestCases.TC_02_ValidLogin@2ddc8ecb]" started-at="2024-04-15T18:32:58 IST" name="launchBrowser" finished-at="2024-04-15T18:33:10 IST" duration-ms="12789" status="PASS">
          <params>
            <param index="0">
              <value>
                <![CDATA[chrome]]>
              </value>
            </param>
          </params>
          <reporter-output>
          </reporter-output>
        </test-method> <!-- launchBrowser -->
        <test-method signature="testValidEmailLoginCredentials()[pri:1, instance:TestCases.TC_02_ValidLogin@2ddc8ecb]" started-at="2024-04-15T18:33:10 IST" name="testValidEmailLoginCredentials" finished-at="2024-04-15T18:33:24 IST" duration-ms="13507" status="PASS">
          <reporter-output>
          </reporter-output>
        </test-method> <!-- testValidEmailLoginCredentials -->
        <test-method is-config="true" signature="closeBrowser()[pri:0, instance:TestCases.TC_02_ValidLogin@2ddc8ecb]" started-at="2024-04-15T18:33:24 IST" name="closeBrowser" finished-at="2024-04-15T18:33:26 IST" duration-ms="2390" status="PASS">
          <reporter-output>
          </reporter-output>
        </test-method> <!-- closeBrowser -->
        <test-method is-config="true" signature="launchBrowser(java.lang.String)[pri:0, instance:TestCases.TC_02_ValidLogin@2ddc8ecb]" started-at="2024-04-15T18:33:26 IST" name="launchBrowser" finished-at="2024-04-15T18:33:40 IST" duration-ms="13371" status="PASS">
          <params>
            <param index="0">
              <value>
                <![CDATA[chrome]]>
              </value>
            </param>
          </params>
          <reporter-output>
          </reporter-output>
        </test-method> <!-- launchBrowser -->
        <test-method signature="testValidMobileLogin()[pri:2, instance:TestCases.TC_02_ValidLogin@2ddc8ecb]" started-at="2024-04-15T18:33:40 IST" name="testValidMobileLogin" finished-at="2024-04-15T18:33:57 IST" duration-ms="16969" status="PASS">
          <reporter-output>
          </reporter-output>
        </test-method> <!-- testValidMobileLogin -->
        <test-method is-config="true" signature="closeBrowser()[pri:0, instance:TestCases.TC_02_ValidLogin@2ddc8ecb]" started-at="2024-04-15T18:33:57 IST" name="closeBrowser" finished-at="2024-04-15T18:33:58 IST" duration-ms="921" status="PASS">
          <reporter-output>
          </reporter-output>
        </test-method> <!-- closeBrowser -->
      </class> <!-- TestCases.TC_02_ValidLogin -->
      <class name="TestCases.TC_07_FlightBookingWithPayment">
        <test-method is-config="true" signature="launchBrowser(java.lang.String)[pri:0, instance:TestCases.TC_07_FlightBookingWithPayment@309e345f]" started-at="2024-04-15T18:36:48 IST" name="launchBrowser" finished-at="2024-04-15T18:37:00 IST" duration-ms="12524" status="PASS">
          <params>
            <param index="0">
              <value>
                <![CDATA[chrome]]>
              </value>
            </param>
          </params>
          <reporter-output>
          </reporter-output>
        </test-method> <!-- launchBrowser -->
        <test-method signature="testFlightBooking()[pri:0, instance:TestCases.TC_07_FlightBookingWithPayment@309e345f]" started-at="2024-04-15T18:37:00 IST" name="testFlightBooking" finished-at="2024-04-15T18:37:48 IST" duration-ms="47692" status="PASS">
          <reporter-output>
          </reporter-output>
        </test-method> <!-- testFlightBooking -->
        <test-method is-config="true" signature="closeBrowser()[pri:0, instance:TestCases.TC_07_FlightBookingWithPayment@309e345f]" started-at="2024-04-15T18:37:48 IST" name="closeBrowser" finished-at="2024-04-15T18:37:49 IST" duration-ms="884" status="PASS">
          <reporter-output>
          </reporter-output>
        </test-method> <!-- closeBrowser -->
      </class> <!-- TestCases.TC_07_FlightBookingWithPayment -->
      <class name="TestCases.TC_04_OnewayFlightSearch">
        <test-method is-config="true" signature="launchBrowser(java.lang.String)[pri:0, instance:TestCases.TC_04_OnewayFlightSearch@47542153]" started-at="2024-04-15T18:35:26 IST" name="launchBrowser" finished-at="2024-04-15T18:35:42 IST" duration-ms="15590" status="PASS">
          <params>
            <param index="0">
              <value>
                <![CDATA[chrome]]>
              </value>
            </param>
          </params>
          <reporter-output>
          </reporter-output>
        </test-method> <!-- launchBrowser -->
        <test-method signature="onewaySearchFlight()[pri:0, instance:TestCases.TC_04_OnewayFlightSearch@47542153]" started-at="2024-04-15T18:35:42 IST" name="onewaySearchFlight" finished-at="2024-04-15T18:35:53 IST" duration-ms="11130" status="PASS">
          <reporter-output>
          </reporter-output>
        </test-method> <!-- onewaySearchFlight -->
        <test-method is-config="true" signature="closeBrowser()[pri:0, instance:TestCases.TC_04_OnewayFlightSearch@47542153]" started-at="2024-04-15T18:35:53 IST" name="closeBrowser" finished-at="2024-04-15T18:35:54 IST" duration-ms="793" status="PASS">
          <reporter-output>
          </reporter-output>
        </test-method> <!-- closeBrowser -->
      </class> <!-- TestCases.TC_04_OnewayFlightSearch -->
    </test> <!-- C:/Users/divya/IdeaProjects/SpicejetAutomationProject -->
  </suite> <!-- All Test Suite -->
</testng-results>
